Start testing: Apr 24 08:33 UTC
----------------------------------------------------------
1/5 Testing: bubblesort
1/5 Test: bubblesort
Command: "/home/pcsdocker/Data/PCSgiuseppemusci/esercitazione5/build_release/test_bubblesort"
Directory: /home/pcsdocker/Data/PCSgiuseppemusci/esercitazione5/build_release
"bubblesort" start time: Apr 24 08:33 UTC
Output:
----------------------------------------------------------
<end of output>
Test time =   6.52 sec
----------------------------------------------------------
Test Passed.
"bubblesort" end time: Apr 24 08:34 UTC
"bubblesort" time elapsed: 00:00:06
----------------------------------------------------------

2/5 Testing: insertionsort
2/5 Test: insertionsort
Command: "/home/pcsdocker/Data/PCSgiuseppemusci/esercitazione5/build_release/test_insertionsort"
Directory: /home/pcsdocker/Data/PCSgiuseppemusci/esercitazione5/build_release
"insertionsort" start time: Apr 24 08:34 UTC
Output:
----------------------------------------------------------
<end of output>
Test time =   0.36 sec
----------------------------------------------------------
Test Passed.
"insertionsort" end time: Apr 24 08:34 UTC
"insertionsort" time elapsed: 00:00:00
----------------------------------------------------------

3/5 Testing: selectionsort
3/5 Test: selectionsort
Command: "/home/pcsdocker/Data/PCSgiuseppemusci/esercitazione5/build_release/test_selectionsort"
Directory: /home/pcsdocker/Data/PCSgiuseppemusci/esercitazione5/build_release
"selectionsort" start time: Apr 24 08:34 UTC
Output:
----------------------------------------------------------
<end of output>
Test time =   1.04 sec
----------------------------------------------------------
Test Passed.
"selectionsort" end time: Apr 24 08:34 UTC
"selectionsort" time elapsed: 00:00:01
----------------------------------------------------------

4/5 Testing: mergesort
4/5 Test: mergesort
Command: "/home/pcsdocker/Data/PCSgiuseppemusci/esercitazione5/build_release/test_mergesort"
Directory: /home/pcsdocker/Data/PCSgiuseppemusci/esercitazione5/build_release
"mergesort" start time: Apr 24 08:34 UTC
Output:
----------------------------------------------------------
<end of output>
Test time =   0.14 sec
----------------------------------------------------------
Test Passed.
"mergesort" end time: Apr 24 08:34 UTC
"mergesort" time elapsed: 00:00:00
----------------------------------------------------------

5/5 Testing: quicksort
5/5 Test: quicksort
Command: "/home/pcsdocker/Data/PCSgiuseppemusci/esercitazione5/build_release/test_quicksort"
Directory: /home/pcsdocker/Data/PCSgiuseppemusci/esercitazione5/build_release
"quicksort" start time: Apr 24 08:34 UTC
Output:
----------------------------------------------------------
<end of output>
Test time =   0.08 sec
----------------------------------------------------------
Test Passed.
"quicksort" end time: Apr 24 08:34 UTC
"quicksort" time elapsed: 00:00:00
----------------------------------------------------------

End testing: Apr 24 08:34 UTC
