Start testing: Apr 23 14:09 UTC
----------------------------------------------------------
1/5 Testing: bubblesort
1/5 Test: bubblesort
Command: "/home/pcsdocker/Data/PCSgiuseppemusci/esercitazione5/build_debug/test_bubblesort"
Directory: /home/pcsdocker/Data/PCSgiuseppemusci/esercitazione5/build_debug
"bubblesort" start time: Apr 23 14:09 UTC
Output:
----------------------------------------------------------
<end of output>
Test time =  12.11 sec
----------------------------------------------------------
Test Passed.
"bubblesort" end time: Apr 23 14:09 UTC
"bubblesort" time elapsed: 00:00:12
----------------------------------------------------------

2/5 Testing: insertionsort
2/5 Test: insertionsort
Command: "/home/pcsdocker/Data/PCSgiuseppemusci/esercitazione5/build_debug/test_insertionsort"
Directory: /home/pcsdocker/Data/PCSgiuseppemusci/esercitazione5/build_debug
"insertionsort" start time: Apr 23 14:09 UTC
Output:
----------------------------------------------------------
<end of output>
Test time =   5.31 sec
----------------------------------------------------------
Test Passed.
"insertionsort" end time: Apr 23 14:09 UTC
"insertionsort" time elapsed: 00:00:05
----------------------------------------------------------

3/5 Testing: selectionsort
3/5 Test: selectionsort
Command: "/home/pcsdocker/Data/PCSgiuseppemusci/esercitazione5/build_debug/test_selectionsort"
Directory: /home/pcsdocker/Data/PCSgiuseppemusci/esercitazione5/build_debug
"selectionsort" start time: Apr 23 14:09 UTC
Output:
----------------------------------------------------------
<end of output>
Test time =   6.64 sec
----------------------------------------------------------
Test Passed.
"selectionsort" end time: Apr 23 14:09 UTC
"selectionsort" time elapsed: 00:00:06
----------------------------------------------------------

4/5 Testing: mergesort
4/5 Test: mergesort
Command: "/home/pcsdocker/Data/PCSgiuseppemusci/esercitazione5/build_debug/test_mergesort"
Directory: /home/pcsdocker/Data/PCSgiuseppemusci/esercitazione5/build_debug
"mergesort" start time: Apr 23 14:09 UTC
Output:
----------------------------------------------------------
<end of output>
Test time =   0.59 sec
----------------------------------------------------------
Test Passed.
"mergesort" end time: Apr 23 14:09 UTC
"mergesort" time elapsed: 00:00:00
----------------------------------------------------------

5/5 Testing: quicksort
5/5 Test: quicksort
Command: "/home/pcsdocker/Data/PCSgiuseppemusci/esercitazione5/build_debug/test_quicksort"
Directory: /home/pcsdocker/Data/PCSgiuseppemusci/esercitazione5/build_debug
"quicksort" start time: Apr 23 14:09 UTC
Output:
----------------------------------------------------------
<end of output>
Test time =   0.33 sec
----------------------------------------------------------
Test Passed.
"quicksort" end time: Apr 23 14:09 UTC
"quicksort" time elapsed: 00:00:00
----------------------------------------------------------

End testing: Apr 23 14:09 UTC
